<?xml version="1.0" encoding="UTF-8"?>
<!-- Generated by org.testng.reporters.JUnitReportReporter -->
<testsuite hostname="LAPTOP-N3U58J3F" failures="0" tests="3" name="testNGKeyWords.EnabledStudy" time="0.012" errors="0" timestamp="2022-03-23T08:51:35 IST" skipped="1">
  <testcase classname="testNGKeyWords.EnabledStudy" name="b" time="0.001"/>
  <system-out>
    <![CDATA[Running B method]]>
  </system-out>
  <testcase classname="testNGKeyWords.EnabledStudy" name="a" time="0.011"/>
  <system-out>
    <![CDATA[Running A method]]>
  </system-out>
  <testcase classname="testNGKeyWords.EnabledStudy" name="c">
    <skipped/>
  </testcase> <!-- c -->
  <system-out/>
</testsuite> <!-- testNGKeyWords.EnabledStudy -->
