<?xml version="1.0" encoding="UTF-8"?>
<!-- Generated by org.testng.reporters.JUnitReportReporter -->
<testsuite hostname="LAPTOP-N3U58J3F" failures="0" tests="1" name="testNGInAsserts.AssertFalseStudy" time="0.015" errors="0" timestamp="2022-03-23T19:51:15 IST" skipped="0">
  <testcase classname="testNGInAsserts.AssertFalseStudy" name="TC4" time="0.015"/>
  <system-out/>
</testsuite> <!-- testNGInAsserts.AssertFalseStudy -->
