<?xml version="1.0" encoding="UTF-8"?>
<!-- Generated by org.testng.reporters.JUnitReportReporter -->
<testsuite hostname="LAPTOP-N3U58J3F" failures="0" tests="4" name="testNGStudy.MyClass" time="0.016" errors="0" timestamp="2022-03-22T02:28:23 IST" skipped="0">
  <testcase classname="testNGStudy.MyClass" name="MyMethod2" time="0.002"/>
  <system-out/>
  <testcase classname="testNGStudy.MyClass" name="MyMethod4" time="0.001"/>
  <system-out>
    <![CDATA[Hi Welcome to testNG]]>
  </system-out>
  <testcase classname="testNGStudy.MyClass" name="MyMethod1" time="0.011"/>
  <system-out/>
  <testcase classname="testNGStudy.MyClass" name="MyMethod3" time="0.002"/>
  <system-out/>
</testsuite> <!-- testNGStudy.MyClass -->
