<?xml version="1.0" encoding="UTF-8"?>
<!-- Generated by org.testng.reporters.JUnitReportReporter -->
<testsuite hostname="LAPTOP-N3U58J3F" failures="0" tests="4" name="testNGStudy.MyClass2" time="44.380" errors="0" timestamp="2022-03-22T02:26:58 IST" skipped="0">
  <testcase classname="testNGStudy.MyClass2" name="Mymethod2" time="16.108"/>
  <system-out/>
  <testcase classname="testNGStudy.MyClass2" name="Mymethod4" time="9.850"/>
  <system-out/>
  <testcase classname="testNGStudy.MyClass2" name="Mymethod1" time="7.477"/>
  <system-out/>
  <testcase classname="testNGStudy.MyClass2" name="Mymethod3" time="10.945"/>
  <system-out/>
</testsuite> <!-- testNGStudy.MyClass2 -->
