<?xml version="1.0" encoding="UTF-8"?>
<!-- Generated by org.testng.reporters.JUnitReportReporter -->
<testsuite hostname="LAPTOP-N3U58J3F" failures="0" tests="3" name="testNGStudy.AnnotationStudy1" time="0.015" errors="0" timestamp="2022-03-22T09:01:30 IST" skipped="0">
  <testcase classname="testNGStudy.AnnotationStudy1" name="b" time="0.001"/>
  <system-out>
    <![CDATA[Running B method]]>
  </system-out>
  <testcase classname="testNGStudy.AnnotationStudy1" name="a" time="0.013"/>
  <system-out>
    <![CDATA[Running A method]]>
  </system-out>
  <testcase classname="testNGStudy.AnnotationStudy1" name="c" time="0.001"/>
  <system-out>
    <![CDATA[Running C method]]>
  </system-out>
</testsuite> <!-- testNGStudy.AnnotationStudy1 -->
