<?xml version="1.0" encoding="UTF-8"?>
<!-- Generated by org.testng.reporters.JUnitReportReporter -->
<testsuite hostname="LAPTOP-N3U58J3F" failures="0" tests="1" name="testNGInAsserts.AssertTrueStudy" time="0.014" errors="0" timestamp="2022-03-23T19:30:45 IST" skipped="0">
  <testcase classname="testNGInAsserts.AssertTrueStudy" name="TC3" time="0.014"/>
  <system-out>
    <![CDATA[TC3 is Passed]]>
  </system-out>
</testsuite> <!-- testNGInAsserts.AssertTrueStudy -->
