<?xml version="1.0" encoding="UTF-8"?>
<!-- Generated by org.testng.reporters.JUnitReportReporter -->
<testsuite hostname="LAPTOP-N3U58J3F" failures="0" tests="2" name="TestNGKitePOM.KiteTestUsingTestNG" time="11.353" errors="0" timestamp="2022-03-27T10:34:24 IST" skipped="0">
  <testcase classname="TestNGKitePOM.KiteTestUsingTestNG" name="validateUserID" time="7.775"/>
  <system-out>
    <![CDATA[validating userID
User ID validated suceesfully, TC is passed]]>
  </system-out>
  <testcase classname="TestNGKitePOM.KiteTestUsingTestNG" name="validateUserID" time="3.578"/>
  <system-out>
    <![CDATA[validating userID
User ID validated suceesfully, TC is passed]]>
  </system-out>
</testsuite> <!-- TestNGKitePOM.KiteTestUsingTestNG -->
