<?xml version="1.0" encoding="UTF-8"?>
<!-- Generated by org.testng.reporters.JUnitReportReporter -->
<testsuite hostname="LAPTOP-N3U58J3F" failures="0" tests="5" name="TestNGgroupingStudy.TestGroup2" time="0.017" errors="0" timestamp="2022-03-24T08:37:16 IST" skipped="0">
  <testcase classname="TestNGgroupingStudy.TestGroup2" name="TC2" time="0.001"/>
  <system-out>
    <![CDATA[Running TC2]]>
  </system-out>
  <testcase classname="TestNGgroupingStudy.TestGroup2" name="TC1" time="0.012"/>
  <system-out>
    <![CDATA[Running TC1]]>
  </system-out>
  <testcase classname="TestNGgroupingStudy.TestGroup2" name="TC5" time="0.002"/>
  <system-out>
    <![CDATA[Running TC5]]>
  </system-out>
  <testcase classname="TestNGgroupingStudy.TestGroup2" name="TC3" time="0.001"/>
  <system-out>
    <![CDATA[Running TC3]]>
  </system-out>
  <testcase classname="TestNGgroupingStudy.TestGroup2" name="TC4" time="0.001"/>
  <system-out>
    <![CDATA[Running TC4]]>
  </system-out>
</testsuite> <!-- TestNGgroupingStudy.TestGroup2 -->
