<?xml version="1.0" encoding="UTF-8"?>
<!-- Generated by org.testng.reporters.JUnitReportReporter -->
<testsuite hostname="LAPTOP-N3U58J3F" failures="0" tests="5" name="testNGxmlStudy.MyClass" time="0.014" errors="0" timestamp="2022-03-24T08:30:50 IST" skipped="0">
  <testcase classname="testNGxmlStudy.MyClass" name="TC5" time="0.001"/>
  <system-out>
    <![CDATA[Running TC5]]>
  </system-out>
  <testcase classname="testNGxmlStudy.MyClass" name="TC3" time="0.001"/>
  <system-out>
    <![CDATA[Running TC3]]>
  </system-out>
  <testcase classname="testNGxmlStudy.MyClass" name="TC2" time="0.001"/>
  <system-out>
    <![CDATA[Running TC2]]>
  </system-out>
  <testcase classname="testNGxmlStudy.MyClass" name="TC1" time="0.010"/>
  <system-out>
    <![CDATA[Running TC1]]>
  </system-out>
  <testcase classname="testNGxmlStudy.MyClass" name="TC4" time="0.001"/>
  <system-out>
    <![CDATA[Running TC4]]>
  </system-out>
</testsuite> <!-- testNGxmlStudy.MyClass -->
