<?xml version="1.0" encoding="UTF-8"?>
<!-- Generated by org.testng.reporters.JUnitReportReporter -->
<testsuite hostname="LAPTOP-N3U58J3F" failures="0" tests="3" name="testNGKeyWords.PriorityStudy" time="0.012" errors="0" timestamp="2022-03-23T08:55:19 IST" skipped="0">
  <testcase classname="testNGKeyWords.PriorityStudy" name="c" time="0.010"/>
  <system-out>
    <![CDATA[Running C method]]>
  </system-out>
  <testcase classname="testNGKeyWords.PriorityStudy" name="a" time="0.001"/>
  <system-out>
    <![CDATA[Running A method]]>
  </system-out>
  <testcase classname="testNGKeyWords.PriorityStudy" name="b" time="0.001"/>
  <system-out>
    <![CDATA[Running B method]]>
  </system-out>
</testsuite> <!-- testNGKeyWords.PriorityStudy -->
