<?xml version="1.0" encoding="UTF-8"?>
<!-- Generated by org.testng.reporters.JUnitReportReporter -->
<testsuite hostname="LAPTOP-N3U58J3F" failures="0" tests="1" name="KiteAppTestClasses.KiteAppUserNameValidationUsingPropertyFile" time="5.404" errors="0" timestamp="2022-03-31T22:27:13 IST" skipped="0">
  <testcase classname="KiteAppTestClasses.KiteAppUserNameValidationUsingPropertyFile" name="validateUserID" time="5.404"/>
  <system-out>
    <![CDATA[Screenshot taken for TC10]]>
  </system-out>
</testsuite> <!-- KiteAppTestClasses.KiteAppUserNameValidationUsingPropertyFile -->
