<?xml version="1.0" encoding="UTF-8"?>
<!-- Generated by org.testng.reporters.JUnitReportReporter -->
<testsuite hostname="LAPTOP-N3U58J3F" failures="0" tests="5" name="testNGxmlStudy.Test123" time="0.016" errors="0" timestamp="2022-03-24T08:33:37 IST" skipped="0">
  <testcase classname="testNGxmlStudy.Test123" name="TC8" time="0.001"/>
  <system-out>
    <![CDATA[Running TC8]]>
  </system-out>
  <testcase classname="testNGxmlStudy.Test123" name="TC7" time="0.001"/>
  <system-out>
    <![CDATA[Running TC7]]>
  </system-out>
  <testcase classname="testNGxmlStudy.Test123" name="TC6" time="0.001"/>
  <system-out>
    <![CDATA[Running TC6]]>
  </system-out>
  <testcase classname="testNGxmlStudy.Test123" name="TC9" time="0.001"/>
  <system-out>
    <![CDATA[Running TC9]]>
  </system-out>
  <testcase classname="testNGxmlStudy.Test123" name="TC10" time="0.012"/>
  <system-out>
    <![CDATA[Running TC10]]>
  </system-out>
</testsuite> <!-- testNGxmlStudy.Test123 -->
