<?xml version="1.0" encoding="UTF-8"?>
<!-- Generated by org.testng.reporters.JUnitReportReporter -->
<testsuite hostname="LAPTOP-N3U58J3F" failures="0" tests="2" name="testNGStudy.AnnotationStudy" time="0.008" errors="0" timestamp="2022-03-22T21:31:45 IST" skipped="0">
  <testcase classname="testNGStudy.AnnotationStudy" name="ValidateUserID" time="0.007"/>
  <system-out>
    <![CDATA[Running test]]>
  </system-out>
  <testcase classname="testNGStudy.AnnotationStudy" name="sampleTest" time="0.001"/>
  <system-out>
    <![CDATA[Running Sample Test]]>
  </system-out>
</testsuite> <!-- testNGStudy.AnnotationStudy -->
