<?xml version="1.0" encoding="UTF-8"?>
<!-- Generated by org.testng.reporters.JUnitReportReporter -->
<testsuite hostname="LAPTOP-N3U58J3F" failures="0" tests="1" name="testNGInAsserts.AssertEqualsStudy" time="0.013" errors="0" timestamp="2022-03-23T19:15:17 IST" skipped="0">
  <testcase classname="testNGInAsserts.AssertEqualsStudy" name="TC1" time="0.013"/>
  <system-out>
    <![CDATA[TC1 is Passed]]>
  </system-out>
</testsuite> <!-- testNGInAsserts.AssertEqualsStudy -->
