<?xml version="1.0" encoding="UTF-8"?>
<!-- Generated by org.testng.reporters.JUnitReportReporter -->
<testsuite hostname="LAPTOP-N3U58J3F" failures="0" tests="3" name="testNGKeyWords.InvocationCountStudy" time="0.016" errors="0" timestamp="2022-03-23T08:54:12 IST" skipped="0">
  <testcase classname="testNGKeyWords.InvocationCountStudy" name="a" time="0.013"/>
  <system-out>
    <![CDATA[Running A method]]>
  </system-out>
  <testcase classname="testNGKeyWords.InvocationCountStudy" name="a" time="0.001"/>
  <system-out>
    <![CDATA[Running A method]]>
  </system-out>
  <testcase classname="testNGKeyWords.InvocationCountStudy" name="a" time="0.002"/>
  <system-out>
    <![CDATA[Running A method]]>
  </system-out>
</testsuite> <!-- testNGKeyWords.InvocationCountStudy -->
