<?xml version="1.0" encoding="UTF-8"?>
<!-- Generated by org.testng.reporters.JUnitReportReporter -->
<testsuite hostname="LAPTOP-N3U58J3F" failures="0" tests="1" name="testNGSerailAndParallel.SeriesAndParallel1" time="5.431" errors="0" timestamp="2022-03-23T18:40:51 IST" skipped="0">
  <testcase classname="testNGSerailAndParallel.SeriesAndParallel1" name="f1" time="5.431"/>
  <system-out/>
</testsuite> <!-- testNGSerailAndParallel.SeriesAndParallel1 -->
