<?xml version="1.0" encoding="UTF-8"?>
<!-- Generated by org.testng.reporters.JUnitReportReporter -->
<testsuite hostname="LAPTOP-N3U58J3F" failures="0" tests="1" name="KiteAppTestClasses.KiteUserNameValidation" time="6.353" errors="0" timestamp="2022-03-29T21:20:16 IST" skipped="0">
  <testcase classname="KiteAppTestClasses.KiteUserNameValidation" name="validateUserName" time="6.353"/>
  <system-out>
    <![CDATA[screenshot taken for TC 100
Validated UserName]]>
  </system-out>
</testsuite> <!-- KiteAppTestClasses.KiteUserNameValidation -->
