<?xml version="1.0" encoding="UTF-8"?>
<!-- Generated by org.testng.reporters.JUnitReportReporter -->
<testsuite hostname="LAPTOP-N3U58J3F" failures="0" tests="5" name="TestNGgroupingStudy.TestGroup1" time="0.015" errors="0" timestamp="2022-03-24T08:35:55 IST" skipped="0">
  <testcase classname="TestNGgroupingStudy.TestGroup1" name="TC8" time="0.001"/>
  <system-out>
    <![CDATA[Running TC8]]>
  </system-out>
  <testcase classname="TestNGgroupingStudy.TestGroup1" name="TC10" time="0.011"/>
  <system-out>
    <![CDATA[Running TC10]]>
  </system-out>
  <testcase classname="TestNGgroupingStudy.TestGroup1" name="TC6" time="0.001"/>
  <system-out>
    <![CDATA[Running TC6]]>
  </system-out>
  <testcase classname="TestNGgroupingStudy.TestGroup1" name="TC9" time="0.001"/>
  <system-out>
    <![CDATA[Running TC9]]>
  </system-out>
  <testcase classname="TestNGgroupingStudy.TestGroup1" name="TC7" time="0.001"/>
  <system-out>
    <![CDATA[Running TC7]]>
  </system-out>
</testsuite> <!-- TestNGgroupingStudy.TestGroup1 -->
