<?xml version="1.0" encoding="UTF-8"?>
<!-- Generated by org.testng.reporters.JUnitReportReporter -->
<testsuite hostname="LAPTOP-N3U58J3F" failures="0" tests="1" name="testNGInAsserts.AssertNotEqualsStudy" time="0.017" errors="0" timestamp="2022-03-23T19:07:27 IST" skipped="0">
  <testcase classname="testNGInAsserts.AssertNotEqualsStudy" name="AssertStudy" time="0.017"/>
  <system-out/>
</testsuite> <!-- testNGInAsserts.AssertNotEqualsStudy -->
