<?xml version="1.0" encoding="UTF-8"?>
<!-- Generated by org.testng.reporters.JUnitReportReporter -->
<testsuite hostname="LAPTOP-N3U58J3F" failures="0" tests="1" name="testNGCrossBrowserTest.FireFoxTest" time="24.806" errors="0" timestamp="2022-03-25T08:51:07 IST" skipped="0">
  <testcase classname="testNGCrossBrowserTest.FireFoxTest" name="MyMethod1" time="24.806"/>
  <system-out/>
</testsuite> <!-- testNGCrossBrowserTest.FireFoxTest -->
