<?xml version="1.0" encoding="UTF-8"?>
<!-- Generated by org.testng.reporters.JUnitReportReporter -->
<testsuite hostname="LAPTOP-N3U58J3F" failures="0" tests="1" name="testNGSerailAndParallel.SerailAndParallel2" time="12.013" errors="0" timestamp="2022-03-23T18:40:51 IST" skipped="0">
  <testcase classname="testNGSerailAndParallel.SerailAndParallel2" name="f2" time="12.013"/>
  <system-out/>
</testsuite> <!-- testNGSerailAndParallel.SerailAndParallel2 -->
